{"message":"server started at http://localhost:8080","level":"info","service":"user-service"}
{"message":"server started at http://localhost:8080","level":"info","service":"user-service"}
{"message":"server started at http://localhost:8080","level":"info","service":"user-service"}
{"message":"server started at http://localhost:8080","level":"info","service":"user-service"}
{"message":"::1 - - [17/Jul/2019:22:23:31 +0000] \"GET / HTTP/1.1\" 200 713 \"-\" \"Mozilla/5.0 (Macintosh; Intel Mac OS X 10_14_5) AppleWebKit/537.36 (KHTML, like Gecko) Chrome/75.0.3770.100 Safari/537.36\"\n","level":"info","service":"user-service"}
{"message":"::1 - - [17/Jul/2019:22:23:32 +0000] \"GET /books HTTP/1.1\" 404 144 \"http://localhost:8080/\" \"Mozilla/5.0 (Macintosh; Intel Mac OS X 10_14_5) AppleWebKit/537.36 (KHTML, like Gecko) Chrome/75.0.3770.100 Safari/537.36\"\n","level":"info","service":"user-service"}
{"message":"server started at http://localhost:8080","level":"info","service":"user-service"}
{"message":"server started at http://localhost:8080","level":"info","service":"user-service"}
{"message":"server started at http://localhost:8080","level":"info","service":"user-service"}
{"message":"::1 - - [18/Jul/2019:13:27:46 +0000] \"GET / HTTP/1.1\" 304 - \"-\" \"Mozilla/5.0 (Macintosh; Intel Mac OS X 10_14_5) AppleWebKit/537.36 (KHTML, like Gecko) Chrome/75.0.3770.100 Safari/537.36\"\n","level":"info","service":"user-service"}
{"message":"::1 - - [18/Jul/2019:13:27:47 +0000] \"GET /books HTTP/1.1\" 404 144 \"http://localhost:8080/\" \"Mozilla/5.0 (Macintosh; Intel Mac OS X 10_14_5) AppleWebKit/537.36 (KHTML, like Gecko) Chrome/75.0.3770.100 Safari/537.36\"\n","level":"info","service":"user-service"}
{"message":"::1 - - [18/Jul/2019:13:27:52 +0000] \"GET / HTTP/1.1\" 304 - \"-\" \"Mozilla/5.0 (Macintosh; Intel Mac OS X 10_14_5) AppleWebKit/537.36 (KHTML, like Gecko) Chrome/75.0.3770.100 Safari/537.36\"\n","level":"info","service":"user-service"}
{"message":"server started at http://localhost:8080","level":"info","service":"user-service"}
{"message":"server started at http://localhost:8080","level":"info","service":"user-service"}
{"message":"::1 - - [18/Jul/2019:13:28:55 +0000] \"GET / HTTP/1.1\" 304 - \"-\" \"Mozilla/5.0 (Macintosh; Intel Mac OS X 10_14_5) AppleWebKit/537.36 (KHTML, like Gecko) Chrome/75.0.3770.100 Safari/537.36\"\n","level":"info","service":"user-service"}
{"message":"::1 - - [18/Jul/2019:13:28:56 +0000] \"GET /books HTTP/1.1\" 302 56 \"http://localhost:8080/\" \"Mozilla/5.0 (Macintosh; Intel Mac OS X 10_14_5) AppleWebKit/537.36 (KHTML, like Gecko) Chrome/75.0.3770.100 Safari/537.36\"\n","level":"info","service":"user-service"}
{"message":"::1 - - [18/Jul/2019:13:28:56 +0000] \"GET /login HTTP/1.1\" 401 1359 \"http://localhost:8080/\" \"Mozilla/5.0 (Macintosh; Intel Mac OS X 10_14_5) AppleWebKit/537.36 (KHTML, like Gecko) Chrome/75.0.3770.100 Safari/537.36\"\n","level":"info","service":"user-service"}
{"message":"::1 - - [18/Jul/2019:13:29:24 +0000] \"GET /books HTTP/1.1\" 302 56 \"-\" \"Mozilla/5.0 (Macintosh; Intel Mac OS X 10_14_5) AppleWebKit/537.36 (KHTML, like Gecko) Chrome/75.0.3770.100 Safari/537.36\"\n","level":"info","service":"user-service"}
{"message":"::1 - - [18/Jul/2019:13:29:24 +0000] \"GET /login HTTP/1.1\" 401 1359 \"-\" \"Mozilla/5.0 (Macintosh; Intel Mac OS X 10_14_5) AppleWebKit/537.36 (KHTML, like Gecko) Chrome/75.0.3770.100 Safari/537.36\"\n","level":"info","service":"user-service"}
{"message":"server started at http://localhost:8080","level":"info","service":"user-service"}
{"message":"::1 - - [18/Jul/2019:13:38:45 +0000] \"GET / HTTP/1.1\" 304 - \"-\" \"Mozilla/5.0 (Macintosh; Intel Mac OS X 10_14_5) AppleWebKit/537.36 (KHTML, like Gecko) Chrome/75.0.3770.100 Safari/537.36\"\n","level":"info","service":"user-service"}
{"message":"::1 - - [18/Jul/2019:13:38:47 +0000] \"GET /books HTTP/1.1\" 302 56 \"http://localhost:8080/\" \"Mozilla/5.0 (Macintosh; Intel Mac OS X 10_14_5) AppleWebKit/537.36 (KHTML, like Gecko) Chrome/75.0.3770.100 Safari/537.36\"\n","level":"info","service":"user-service"}
{"message":"::1 - - [18/Jul/2019:13:38:47 +0000] \"GET /login HTTP/1.1\" 401 1569 \"http://localhost:8080/\" \"Mozilla/5.0 (Macintosh; Intel Mac OS X 10_14_5) AppleWebKit/537.36 (KHTML, like Gecko) Chrome/75.0.3770.100 Safari/537.36\"\n","level":"info","service":"user-service"}
{"message":"server started at http://localhost:8080","level":"info","service":"user-service"}
{"message":"server started at http://localhost:8080","level":"info","service":"user-service"}
{"message":"::1 - - [18/Jul/2019:13:43:09 +0000] \"GET /login HTTP/1.1\" 401 1569 \"http://localhost:8080/\" \"Mozilla/5.0 (Macintosh; Intel Mac OS X 10_14_5) AppleWebKit/537.36 (KHTML, like Gecko) Chrome/75.0.3770.100 Safari/537.36\"\n","level":"info","service":"user-service"}
{"message":"::1 - - [18/Jul/2019:13:46:50 +0000] \"GET /login HTTP/1.1\" 401 1569 \"http://localhost:8080/\" \"Mozilla/5.0 (Macintosh; Intel Mac OS X 10_14_5) AppleWebKit/537.36 (KHTML, like Gecko) Chrome/75.0.3770.100 Safari/537.36\"\n","level":"info","service":"user-service"}
{"message":"::1 - - [18/Jul/2019:13:46:52 +0000] \"GET /books HTTP/1.1\" 302 56 \"http://localhost:8080/\" \"Mozilla/5.0 (Macintosh; Intel Mac OS X 10_14_5) AppleWebKit/537.36 (KHTML, like Gecko) Chrome/75.0.3770.100 Safari/537.36\"\n","level":"info","service":"user-service"}
{"message":"::1 - - [18/Jul/2019:13:46:52 +0000] \"GET /login HTTP/1.1\" 401 1569 \"http://localhost:8080/\" \"Mozilla/5.0 (Macintosh; Intel Mac OS X 10_14_5) AppleWebKit/537.36 (KHTML, like Gecko) Chrome/75.0.3770.100 Safari/537.36\"\n","level":"info","service":"user-service"}
{"message":"::1 - - [18/Jul/2019:13:53:27 +0000] \"GET / HTTP/1.1\" 304 - \"-\" \"Mozilla/5.0 (Macintosh; Intel Mac OS X 10_14_5) AppleWebKit/537.36 (KHTML, like Gecko) Chrome/75.0.3770.100 Safari/537.36\"\n","level":"info","service":"user-service"}
{"message":"::1 - - [18/Jul/2019:13:53:28 +0000] \"GET /books HTTP/1.1\" 302 56 \"http://localhost:8080/\" \"Mozilla/5.0 (Macintosh; Intel Mac OS X 10_14_5) AppleWebKit/537.36 (KHTML, like Gecko) Chrome/75.0.3770.100 Safari/537.36\"\n","level":"info","service":"user-service"}
{"message":"::1 - - [18/Jul/2019:13:53:28 +0000] \"GET /login HTTP/1.1\" 401 1569 \"http://localhost:8080/\" \"Mozilla/5.0 (Macintosh; Intel Mac OS X 10_14_5) AppleWebKit/537.36 (KHTML, like Gecko) Chrome/75.0.3770.100 Safari/537.36\"\n","level":"info","service":"user-service"}
{"message":"server started at http://localhost:8080","level":"info","service":"user-service"}
{"message":"server started at http://localhost:8080","level":"info","service":"user-service"}
{"message":"server started at http://localhost:8080","level":"info","service":"user-service"}
{"message":"::1 - - [18/Jul/2019:14:00:48 +0000] \"GET /login HTTP/1.1\" 401 1569 \"http://localhost:8080/\" \"Mozilla/5.0 (Macintosh; Intel Mac OS X 10_14_5) AppleWebKit/537.36 (KHTML, like Gecko) Chrome/75.0.3770.100 Safari/537.36\"\n","level":"info","service":"user-service"}
{"message":"::1 - - [18/Jul/2019:14:00:50 +0000] \"GET /books HTTP/1.1\" 302 56 \"http://localhost:8080/\" \"Mozilla/5.0 (Macintosh; Intel Mac OS X 10_14_5) AppleWebKit/537.36 (KHTML, like Gecko) Chrome/75.0.3770.100 Safari/537.36\"\n","level":"info","service":"user-service"}
{"message":"::1 - - [18/Jul/2019:14:00:50 +0000] \"GET /login HTTP/1.1\" 401 1569 \"http://localhost:8080/\" \"Mozilla/5.0 (Macintosh; Intel Mac OS X 10_14_5) AppleWebKit/537.36 (KHTML, like Gecko) Chrome/75.0.3770.100 Safari/537.36\"\n","level":"info","service":"user-service"}
{"message":"server started at http://localhost:8080","level":"info","service":"user-service"}
{"message":"::1 - - [18/Jul/2019:14:02:22 +0000] \"GET / HTTP/1.1\" 304 - \"-\" \"Mozilla/5.0 (Macintosh; Intel Mac OS X 10_14_5) AppleWebKit/537.36 (KHTML, like Gecko) Chrome/75.0.3770.100 Safari/537.36\"\n","level":"info","service":"user-service"}
{"message":"::1 - - [18/Jul/2019:14:02:23 +0000] \"GET /books HTTP/1.1\" 302 56 \"http://localhost:8080/\" \"Mozilla/5.0 (Macintosh; Intel Mac OS X 10_14_5) AppleWebKit/537.36 (KHTML, like Gecko) Chrome/75.0.3770.100 Safari/537.36\"\n","level":"info","service":"user-service"}
{"message":"::1 - - [18/Jul/2019:14:02:23 +0000] \"GET /login HTTP/1.1\" 401 1569 \"http://localhost:8080/\" \"Mozilla/5.0 (Macintosh; Intel Mac OS X 10_14_5) AppleWebKit/537.36 (KHTML, like Gecko) Chrome/75.0.3770.100 Safari/537.36\"\n","level":"info","service":"user-service"}
{"message":"server started at http://localhost:8080","level":"info","service":"user-service"}
{"message":"::1 - - [18/Jul/2019:14:18:45 +0000] \"GET /login HTTP/1.1\" 401 1359 \"http://localhost:8080/\" \"Mozilla/5.0 (Macintosh; Intel Mac OS X 10_14_5) AppleWebKit/537.36 (KHTML, like Gecko) Chrome/75.0.3770.100 Safari/537.36\"\n","level":"info","service":"user-service"}
{"message":"::1 - - [18/Jul/2019:14:18:47 +0000] \"GET / HTTP/1.1\" 304 - \"-\" \"Mozilla/5.0 (Macintosh; Intel Mac OS X 10_14_5) AppleWebKit/537.36 (KHTML, like Gecko) Chrome/75.0.3770.100 Safari/537.36\"\n","level":"info","service":"user-service"}
{"message":"::1 - - [18/Jul/2019:14:18:49 +0000] \"GET /books HTTP/1.1\" 302 56 \"http://localhost:8080/\" \"Mozilla/5.0 (Macintosh; Intel Mac OS X 10_14_5) AppleWebKit/537.36 (KHTML, like Gecko) Chrome/75.0.3770.100 Safari/537.36\"\n","level":"info","service":"user-service"}
{"message":"::1 - - [18/Jul/2019:14:18:49 +0000] \"GET /login HTTP/1.1\" 401 1359 \"http://localhost:8080/\" \"Mozilla/5.0 (Macintosh; Intel Mac OS X 10_14_5) AppleWebKit/537.36 (KHTML, like Gecko) Chrome/75.0.3770.100 Safari/537.36\"\n","level":"info","service":"user-service"}
{"message":"server started at http://localhost:8080","level":"info","service":"user-service"}
{"message":"::1 - - [18/Jul/2019:14:40:45 +0000] \"GET /login HTTP/1.1\" 302 0 \"http://localhost:8080/\" \"Mozilla/5.0 (Macintosh; Intel Mac OS X 10_14_5) AppleWebKit/537.36 (KHTML, like Gecko) Chrome/75.0.3770.100 Safari/537.36\"\n","level":"info","service":"user-service"}
{"message":"::1 - - [18/Jul/2019:14:40:47 +0000] \"GET /authorization-code/callback?code=TWC9uJmEKJQeV3Q6mA25&state=648c574a-c175-475a-86f3-35b8e7c87fbe HTTP/1.1\" 302 46 \"-\" \"Mozilla/5.0 (Macintosh; Intel Mac OS X 10_14_5) AppleWebKit/537.36 (KHTML, like Gecko) Chrome/75.0.3770.100 Safari/537.36\"\n","level":"info","service":"user-service"}
{"message":"::1 - - [18/Jul/2019:14:40:47 +0000] \"GET / HTTP/1.1\" 304 - \"-\" \"Mozilla/5.0 (Macintosh; Intel Mac OS X 10_14_5) AppleWebKit/537.36 (KHTML, like Gecko) Chrome/75.0.3770.100 Safari/537.36\"\n","level":"info","service":"user-service"}
{"message":"::1 - - [18/Jul/2019:14:40:49 +0000] \"GET /books HTTP/1.1\" 200 629 \"http://localhost:8080/\" \"Mozilla/5.0 (Macintosh; Intel Mac OS X 10_14_5) AppleWebKit/537.36 (KHTML, like Gecko) Chrome/75.0.3770.100 Safari/537.36\"\n","level":"info","service":"user-service"}
